<?xml version="1.0" encoding="UTF-8"?>
<testng-results ignored="0" total="1" passed="1" failed="0" skipped="0">
  <reporter-output>
    <line>
      <![CDATA[[[ChromeDriver: chrome on windows (4e46f094936621317ba4ac7bac2d2a87)] -> xpath: //table[@class ='table ewTable']/tbody/tr[1]/td[8]/div/span/span] Stock-000002125]]>
    </line>
  </reporter-output>
  <suite started-at="2024-07-10T15:27:20 IST" name="Surefire suite" finished-at="2024-07-10T15:28:26 IST" duration-ms="65529">
    <groups>
    </groups>
    <test started-at="2024-07-10T15:27:20 IST" name="Surefire test" finished-at="2024-07-10T15:28:26 IST" duration-ms="65529">
      <class name="driverFactory.AppTest">
        <test-method signature="kickStart()[pri:0, instance:driverFactory.AppTest@6b8ca3c8]" started-at="2024-07-10T15:27:20 IST" name="kickStart" finished-at="2024-07-10T15:28:26 IST" duration-ms="65482" status="PASS">
          <reporter-output>
            <line>
              <![CDATA[[[ChromeDriver: chrome on windows (4e46f094936621317ba4ac7bac2d2a87)] -> xpath: //table[@class ='table ewTable']/tbody/tr[1]/td[8]/div/span/span] Stock-000002125]]>
            </line>
          </reporter-output>
        </test-method> <!-- kickStart -->
      </class> <!-- driverFactory.AppTest -->
    </test> <!-- Surefire test -->
  </suite> <!-- Surefire suite -->
</testng-results>
