<?xml version="1.0" encoding="UTF-8"?>
<testng-results ignored="0" total="1" passed="1" failed="0" skipped="0">
  <reporter-output>
    <line>
      <![CDATA[[[ChromeDriver: chrome on windows (51dbe5c19ce364a544876f3bafe56251)] -> xpath: //table[@class ='table ewTable']/tbody/tr[1]/td[8]/div/span/span] Stock-000002163]]>
    </line>
  </reporter-output>
  <suite started-at="2024-07-15T13:32:05 IST" name="Default suite" finished-at="2024-07-15T13:33:11 IST" duration-ms="65898">
    <groups>
    </groups>
    <test started-at="2024-07-15T13:32:05 IST" name="Default test" finished-at="2024-07-15T13:33:11 IST" duration-ms="65898">
      <class name="driverFactory.AppTest">
        <test-method signature="kickStart()[pri:0, instance:driverFactory.AppTest@4d154ccd]" started-at="2024-07-15T13:32:05 IST" name="kickStart" finished-at="2024-07-15T13:33:11 IST" duration-ms="65836" status="PASS">
          <reporter-output>
            <line>
              <![CDATA[[[ChromeDriver: chrome on windows (51dbe5c19ce364a544876f3bafe56251)] -> xpath: //table[@class ='table ewTable']/tbody/tr[1]/td[8]/div/span/span] Stock-000002163]]>
            </line>
          </reporter-output>
        </test-method> <!-- kickStart -->
      </class> <!-- driverFactory.AppTest -->
    </test> <!-- Default test -->
  </suite> <!-- Default suite -->
</testng-results>
